2025-03-07T20:57:37|Done|/home/w2sg-arnav/nih/als_data/epigenomics/4_matrix/AnswerALS-620-E-v1-release6_DiffBind-raw-counts-minOverlap-0.1.csv
2025-03-07T20:57:37|Done|/home/w2sg-arnav/nih/als_data/epigenomics/4_matrix/AnswerALS-620-E-v1-release6_DiffBind-raw-counts-minOverlap-0.1.csv
2025-03-07T20:57:44|Done|/home/w2sg-arnav/nih/als_data/epigenomics/4_matrix/Sample Mapping Information/Sample Mapping File Feb 2024.csv
2025-03-07T20:57:44|Done|/home/w2sg-arnav/nih/als_data/epigenomics/4_matrix/Sample Mapping Information/Sample Mapping File Feb 2024.csv
2025-03-07T20:57:50|Done|/home/w2sg-arnav/nih/als_data/epigenomics/4_matrix/Sample Mapping Information/Sample Mapping README.txt
2025-03-07T20:57:50|Done|/home/w2sg-arnav/nih/als_data/epigenomics/4_matrix/Sample Mapping Information/Sample Mapping README.txt
2025-03-07T20:58:19|Done|/home/w2sg-arnav/nih/als_data/proteomics/4_matrix/AnswerALS-447-P_proteomics-peptide-matrix_prebatchcorrected.txt
2025-03-07T20:58:19|Done|/home/w2sg-arnav/nih/als_data/proteomics/4_matrix/AnswerALS-447-P_proteomics-peptide-matrix_prebatchcorrected.txt
2025-03-07T20:58:38|Done|/home/w2sg-arnav/nih/als_data/proteomics/4_matrix/AnswerALS-436-P_proteomics-peptide-matrix_correctedImputed.txt
2025-03-07T20:58:38|Done|/home/w2sg-arnav/nih/als_data/proteomics/4_matrix/AnswerALS-436-P_proteomics-peptide-matrix_correctedImputed.txt
2025-03-07T20:58:49|Done|/home/w2sg-arnav/nih/als_data/proteomics/4_matrix/AnswerALS-447-P_proteomics-protein-matrix_prebatchcorrected.txt
2025-03-07T20:58:49|Done|/home/w2sg-arnav/nih/als_data/proteomics/4_matrix/AnswerALS-447-P_proteomics-protein-matrix_prebatchcorrected.txt
2025-03-07T20:59:00|Done|/home/w2sg-arnav/nih/als_data/proteomics/4_matrix/AnswerALS-436-P_proteomics-protein-matrix_correctedImputed.txt
2025-03-07T20:59:00|Done|/home/w2sg-arnav/nih/als_data/proteomics/4_matrix/AnswerALS-436-P_proteomics-protein-matrix_correctedImputed.txt
2025-03-07T20:59:07|Done|/home/w2sg-arnav/nih/als_data/proteomics/4_matrix/Sample Mapping Information/Sample Mapping File Feb 2024.csv
2025-03-07T20:59:07|Done|/home/w2sg-arnav/nih/als_data/proteomics/4_matrix/Sample Mapping Information/Sample Mapping File Feb 2024.csv
2025-03-07T20:59:14|Done|/home/w2sg-arnav/nih/als_data/proteomics/4_matrix/AnswerALS-447-P_proteomics-fc-matrix_prebatchcorrected.txt
2025-03-07T20:59:14|Done|/home/w2sg-arnav/nih/als_data/proteomics/4_matrix/AnswerALS-447-P_proteomics-fc-matrix_prebatchcorrected.txt
2025-03-07T20:59:54|Done|/home/w2sg-arnav/nih/als_data/proteomics/4_matrix/AnswerALS-436-P_proteomics-fc-matrix_correctedImputed.txt
2025-03-07T20:59:54|Done|/home/w2sg-arnav/nih/als_data/proteomics/4_matrix/AnswerALS-436-P_proteomics-fc-matrix_correctedImputed.txt
2025-03-07T20:59:59|Done|/home/w2sg-arnav/nih/als_data/proteomics/4_matrix/Sample Mapping Information/Sample Mapping README.txt
2025-03-07T20:59:59|Done|/home/w2sg-arnav/nih/als_data/proteomics/4_matrix/Sample Mapping Information/Sample Mapping README.txt
2025-03-07T21:00:04|Done|/home/w2sg-arnav/nih/als_data/proteomics/4_matrix/Proteomic Analysis Guidance README.txt
2025-03-07T21:00:04|Done|/home/w2sg-arnav/nih/als_data/proteomics/4_matrix/Proteomic Analysis Guidance README.txt
2025-03-07T21:00:37|Done|/home/w2sg-arnav/nih/als_data/transcriptomics/4_matrix/AnswerALS-651-T-v1-release6_raw-counts.csv
2025-03-07T21:00:37|Done|/home/w2sg-arnav/nih/als_data/transcriptomics/4_matrix/AnswerALS-651-T-v1-release6_raw-counts.csv
2025-03-07T21:00:45|Done|/home/w2sg-arnav/nih/als_data/transcriptomics/4_matrix/Sample Mapping Information/Sample Mapping File Feb 2024.csv
2025-03-07T21:00:45|Done|/home/w2sg-arnav/nih/als_data/transcriptomics/4_matrix/Sample Mapping Information/Sample Mapping File Feb 2024.csv
2025-03-07T21:00:49|Done|/home/w2sg-arnav/nih/als_data/transcriptomics/4_matrix/Sample Mapping Information/Sample Mapping README.txt
2025-03-07T21:00:49|Done|/home/w2sg-arnav/nih/als_data/transcriptomics/4_matrix/Sample Mapping Information/Sample Mapping README.txt
